Build started 4/30/2015 10:53:14 AM.
     1>Project "C:\Users\lenovo\Documents\Code\gl_interaction\gl_interaction\gl_interaction.vcxproj" on node 2 (Build target(s)).
     1>ClCompile:
         C:\Program Files (x86)\Microsoft Visual Studio 12.0\VC\bin\x86_amd64\CL.exe /c /Zi /nologo /W3 /WX- /sdl /Od /D WIN32 /D _DEBUG /D _CONSOLE /D _LIB /D _CRT_SECURE_NO_WARNINGS /D _UNICODE /D UNICODE /Gm /EHsc /RTC1 /MDd /GS /fp:precise /Zc:wchar_t /Zc:forScope /Fo"x64\Debug\\" /Fd"x64\Debug\vc120.pdb" /Gd /TP /errorReport:prompt main.cpp
         main.cpp
       Link:
         C:\Program Files (x86)\Microsoft Visual Studio 12.0\VC\bin\x86_amd64\link.exe /ERRORREPORT:PROMPT /OUT:"C:\Users\lenovo\Documents\Code\gl_interaction\x64\Debug\gl_interaction.exe" /INCREMENTAL /NOLOGO opencv_core249d.lib opencv_highgui249d.lib opencv_flann249d.lib opengl32.lib glut32.lib libpxcmd_d.lib libpxcutilsmd_d.lib kernel32.lib user32.lib gdi32.lib winspool.lib comdlg32.lib advapi32.lib shell32.lib ole32.lib oleaut32.lib uuid.lib odbc32.lib odbccp32.lib /MANIFEST /MANIFESTUAC:"level='asInvoker' uiAccess='false'" /manifest:embed /DEBUG /PDB:"C:\Users\lenovo\Documents\Code\gl_interaction\x64\Debug\gl_interaction.pdb" /SUBSYSTEM:CONSOLE /TLBID:1 /DYNAMICBASE /NXCOMPAT /IMPLIB:"C:\Users\lenovo\Documents\Code\gl_interaction\x64\Debug\gl_interaction.lib" /MACHINE:X64 x64\Debug\genTexture.obj
         x64\Debug\glm.obj
         x64\Debug\gl_basic.obj
         x64\Debug\gl_common.obj
         x64\Debug\ICPAlgorithm.obj
         x64\Debug\KrigingAlgorithm.obj
         x64\Debug\loadFaceModel.obj
         x64\Debug\main.obj
         x64\Debug\PointCloud.obj
         x64\Debug\TransformPoints.obj
         gl_interaction.vcxproj -> C:\Users\lenovo\Documents\Code\gl_interaction\x64\Debug\gl_interaction.exe
     1>Done Building Project "C:\Users\lenovo\Documents\Code\gl_interaction\gl_interaction\gl_interaction.vcxproj" (Build target(s)).

Build succeeded.

Time Elapsed 00:00:04.45
